<?xml version="1.0" encoding="UTF-8"?>
<testsuite xmlns:xsi="http://www.w3.org/2001/XMLSchema-instance" xsi:noNamespaceSchemaLocation="https://maven.apache.org/surefire/maven-surefire-plugin/xsd/surefire-test-report-3.0.xsd" version="3.0" name="ru.testing.test.LoginPageTest" time="15.982" tests="6" errors="0" skipped="0" failures="0">
  <properties>
[...]
</properties>
  <testcase name="loginTest(String, String, String, boolean)[1]" classname="ru.testing.test.LoginPageTest" time="5.342">
    <system-err><![CDATA[Starting ChromeDriver 99.0.4844.51 (d537ec02474b5afe23684e7963d538896c63ac77-refs/branch-heads/4844@{#875}) on port 37106
Only local connections are allowed.
Please see https://chromedriver.chromium.org/security-considerations for suggestions on keeping ChromeDriver safe.
ChromeDriver was started successfully.
мар. 31, 2022 10:32:28 PM org.openqa.selenium.remote.ProtocolHandshake createSession
INFO: Detected dialect: W3C
мар. 31, 2022 10:32:28 PM org.openqa.selenium.devtools.CdpVersionFinder findNearestMatch
WARNING: Unable to find an exact match for CDP version 99, so returning the closest version found: 97
мар. 31, 2022 10:32:28 PM org.openqa.selenium.devtools.CdpVersionFinder findNearestMatch
INFO: Found CDP implementation for version 99 of 97
]]></system-err>
  </testcase>
  <testcase name="loginTest(String, String, String, boolean)[2]" classname="ru.testing.test.LoginPageTest" time="1.117"/>
  <testcase name="loginTest(String, String, String, boolean)[3]" classname="ru.testing.test.LoginPageTest" time="0.821"/>
  <testcase name="loginTest(String, String, String, boolean)[4]" classname="ru.testing.test.LoginPageTest" time="0.788"/>
  <testcase name="loginTest(String, String, String, boolean)[5]" classname="ru.testing.test.LoginPageTest" time="0.877"/>
  <testcase name="showPasswordTest(String, String, String)[1]" classname="ru.testing.test.LoginPageTest" time="4.021"/>
</testsuite>